<?xml version="1.0" encoding="UTF-8"?>
<!-- Generated by org.testng.reporters.JUnitReportReporter -->
<testsuite skipped="0" hostname="neha-ishan" name="com.org.learnmaven.myMavenPrj.AppTest" tests="1" failures="0" timestamp="03 May 2017 07:16:54 GMT" time="51.490" errors="0">
  <testcase name="test" time="51.490" classname="com.org.learnmaven.myMavenPrj.AppTest"/>
</testsuite> <!-- com.org.learnmaven.myMavenPrj.AppTest -->
