<?xml version="1.0" encoding="UTF-8"?>
<!-- Generated by org.testng.reporters.JUnitReportReporter -->
<testsuite skipped="0" hostname="neha-ishan" name="com.org.learnmaven.myMavenPrj.AppTest1" tests="1" failures="0" timestamp="02 May 2017 08:46:48 GMT" time="0.021" errors="0">
  <testcase name="test" time="0.021" classname="com.org.learnmaven.myMavenPrj.AppTest1"/>
</testsuite> <!-- com.org.learnmaven.myMavenPrj.AppTest1 -->
